<?xml version="1.0" encoding="UTF-8"?>
<testng-results ignored="0" total="1" passed="1" failed="0" skipped="0">
  <reporter-output>
  </reporter-output>
  <suite started-at="2024-01-23T21:09:05 BDT" name="Default suite" finished-at="2024-01-23T21:11:03 BDT" duration-ms="117675">
    <groups>
    </groups>
    <test started-at="2024-01-23T21:09:05 BDT" name="Default test" finished-at="2024-01-23T21:11:03 BDT" duration-ms="117675">
      <class name="SaimaNova.AutomationProject_2.Navigationcommands">
        <test-method is-config="true" signature="start()[pri:0, instance:SaimaNova.AutomationProject_2.Navigationcommands@6771beb3]" started-at="2024-01-23T21:09:03 BDT" name="start" finished-at="2024-01-23T21:09:05 BDT" duration-ms="1555" status="PASS">
          <reporter-output>
          </reporter-output>
        </test-method> <!-- start -->
        <test-method signature="navigationTest()[pri:0, instance:SaimaNova.AutomationProject_2.Navigationcommands@6771beb3]" started-at="2024-01-23T21:09:05 BDT" name="navigationTest" finished-at="2024-01-23T21:11:03 BDT" duration-ms="117643" status="PASS">
          <reporter-output>
          </reporter-output>
        </test-method> <!-- navigationTest -->
        <test-method is-config="true" signature="close()[pri:0, instance:SaimaNova.AutomationProject_2.Navigationcommands@6771beb3]" started-at="2024-01-23T21:11:03 BDT" name="close" finished-at="2024-01-23T21:11:03 BDT" duration-ms="153" status="PASS">
          <reporter-output>
          </reporter-output>
        </test-method> <!-- close -->
      </class> <!-- SaimaNova.AutomationProject_2.Navigationcommands -->
    </test> <!-- Default test -->
  </suite> <!-- Default suite -->
</testng-results>
